\BOOKMARK [0][-]{chapter.1}{Introduction}{}% 1
\BOOKMARK [1][-]{section.1.1}{Motivation}{chapter.1}% 2
\BOOKMARK [1][-]{section.1.2}{Goals}{chapter.1}% 3
\BOOKMARK [1][-]{section.1.3}{Thesis Structure}{chapter.1}% 4
\BOOKMARK [0][-]{chapter.2}{Fundamentals}{}% 5
\BOOKMARK [1][-]{section.2.1}{Blockchain}{chapter.2}% 6
\BOOKMARK [2][-]{subsection.2.1.1}{Cryptographic hash functions}{section.2.1}% 7
\BOOKMARK [2][-]{subsection.2.1.2}{Merkle tree}{section.2.1}% 8
\BOOKMARK [2][-]{subsection.2.1.3}{Consensus Protocol}{section.2.1}% 9
\BOOKMARK [2][-]{subsection.2.1.4}{Public-Key Cryptography}{section.2.1}% 10
\BOOKMARK [1][-]{section.2.2}{Ethereum}{chapter.2}% 11
\BOOKMARK [2][-]{subsection.2.2.1}{Accounts}{section.2.2}% 12
\BOOKMARK [2][-]{subsection.2.2.2}{Ethereum Virtual Machine \(EVM\)}{section.2.2}% 13
\BOOKMARK [2][-]{subsection.2.2.3}{Smart Contracts}{section.2.2}% 14
\BOOKMARK [2][-]{subsection.2.2.4}{Tokens}{section.2.2}% 15
\BOOKMARK [2][-]{subsection.2.2.5}{Decentralized Applications \(Dapps\)}{section.2.2}% 16
\BOOKMARK [0][-]{chapter.3}{Decentralized Finance \(DeFi\)}{}% 17
\BOOKMARK [1][-]{section.3.1}{Maker Protocol}{chapter.3}% 18
\BOOKMARK [1][-]{section.3.2}{Aave Protocol}{chapter.3}% 19
\BOOKMARK [0][-]{chapter.4}{Application Requirements}{}% 20
\BOOKMARK [1][-]{section.4.1}{Introduction}{chapter.4}% 21
\BOOKMARK [2][-]{subsection.4.1.1}{Purpose}{section.4.1}% 22
\BOOKMARK [2][-]{subsection.4.1.2}{Scope}{section.4.1}% 23
\BOOKMARK [2][-]{subsection.4.1.3}{Product Perspective}{section.4.1}% 24
\BOOKMARK [1][-]{section.4.2}{Requirements}{chapter.4}% 25
\BOOKMARK [2][-]{subsection.4.2.1}{Functional}{section.4.2}% 26
\BOOKMARK [2][-]{subsection.4.2.2}{Nonfunctional}{section.4.2}% 27
\BOOKMARK [1][-]{section.4.3}{Use Case}{chapter.4}% 28
\BOOKMARK [0][-]{chapter.5}{Implementation and testing}{}% 29
\BOOKMARK [1][-]{section.5.1}{Defining the tech stack}{chapter.5}% 30
\BOOKMARK [2][-]{subsection.5.1.1}{Intearction with the smart contracts: Backend}{section.5.1}% 31
\BOOKMARK [2][-]{subsection.5.1.2}{Interaction with the users: Frontend}{section.5.1}% 32
\BOOKMARK [0][-]{chapter.6}{Conclusion and future work}{}% 33
