\BOOKMARK [0][-]{chapter.1}{Introduction}{}% 1
\BOOKMARK [1][-]{section.1.1}{Motivation}{chapter.1}% 2
\BOOKMARK [1][-]{section.1.2}{Goals}{chapter.1}% 3
\BOOKMARK [1][-]{section.1.3}{Thesis Structure}{chapter.1}% 4
\BOOKMARK [0][-]{chapter.2}{Fundamentals}{}% 5
\BOOKMARK [1][-]{section.2.1}{Blockchain}{chapter.2}% 6
\BOOKMARK [2][-]{subsection.2.1.1}{Cryptographic hash functions}{section.2.1}% 7
\BOOKMARK [2][-]{subsection.2.1.2}{Merkle tree}{section.2.1}% 8
\BOOKMARK [2][-]{subsection.2.1.3}{Consensus Protocol}{section.2.1}% 9
\BOOKMARK [2][-]{subsection.2.1.4}{Public-Key Cryptography}{section.2.1}% 10
\BOOKMARK [1][-]{section.2.2}{Ethereum}{chapter.2}% 11
\BOOKMARK [2][-]{subsection.2.2.1}{Accounts}{section.2.2}% 12
\BOOKMARK [2][-]{subsection.2.2.2}{Ethereum Virtual Machine \(EVM\)}{section.2.2}% 13
\BOOKMARK [2][-]{subsection.2.2.3}{Smart Contracts}{section.2.2}% 14
\BOOKMARK [2][-]{subsection.2.2.4}{Solidity}{section.2.2}% 15
\BOOKMARK [2][-]{subsection.2.2.5}{Tokens}{section.2.2}% 16
\BOOKMARK [2][-]{subsection.2.2.6}{Decentralized Applications \(Dapps\)}{section.2.2}% 17
\BOOKMARK [0][-]{chapter.3}{Decentralized Finance \(DeFi\)}{}% 18
\BOOKMARK [0][-]{chapter.4}{Application requirements}{}% 19
\BOOKMARK [0][-]{chapter.5}{Implementation and testing}{}% 20
\BOOKMARK [0][-]{chapter.6}{Conclusion and future work}{}% 21
